<?xml version="1.0" encoding="UTF-8"?>
<!-- Generated by org.testng.reporters.JUnitReportReporter -->
<testsuite hostname="admins-MBP.Dlink" failures="0" tests="3" name="AppTest" time="0.009" errors="0" timestamp="20 Nov 2021 05:29:33 GMT" skipped="0">
  <testcase classname="AppTest" name="assertFalse" time="0.000"/>
  <testcase classname="AppTest" name="assertTrue" time="0.008"/>
  <testcase classname="AppTest" name="AppTest" time="0.001"/>
</testsuite> <!-- AppTest -->
